<?xml version="1.0" encoding="UTF-8"?>
<testsuite xmlns:xsi="http://www.w3.org/2001/XMLSchema-instance" xsi:noNamespaceSchemaLocation="https://maven.apache.org/surefire/maven-surefire-plugin/xsd/surefire-test-report.xsd" name="org.gavin.AppTest" time="0.058" tests="1" errors="0" skipped="0" failures="0">
  <properties>
    <property name="sun.desktop" value="windows"/>
    <property name="awt.toolkit" value="sun.awt.windows.WToolkit"/>
    <property name="file.encoding.pkg" value="sun.io"/>
    <property name="java.specification.version" value="1.8"/>
    <property name="sun.cpu.isalist" value="amd64"/>
    <property name="sun.jnu.encoding" value="GBK"/>
    <property name="java.class.path" value="E:\Pocjet\jt-practice\order\target\test-classes;E:\Pocjet\jt-practice\order\target\classes;E:\Pocjet\jt-practice\common\target\common-1.0-SNAPSHOT.jar;E:\Maven\localRepository\org\springframework\boot\spring-boot-starter-web\2.1.3.RELEASE\spring-boot-starter-web-2.1.3.RELEASE.jar;E:\Maven\localRepository\org\springframework\boot\spring-boot-starter\2.1.3.RELEASE\spring-boot-starter-2.1.3.RELEASE.jar;E:\Maven\localRepository\org\springframework\boot\spring-boot-starter-logging\2.1.3.RELEASE\spring-boot-starter-logging-2.1.3.RELEASE.jar;E:\Maven\localRepository\ch\qos\logback\logback-classic\1.2.3\logback-classic-1.2.3.jar;E:\Maven\localRepository\ch\qos\logback\logback-core\1.2.3\logback-core-1.2.3.jar;E:\Maven\localRepository\org\apache\logging\log4j\log4j-to-slf4j\2.11.2\log4j-to-slf4j-2.11.2.jar;E:\Maven\localRepository\org\apache\logging\log4j\log4j-api\2.11.2\log4j-api-2.11.2.jar;E:\Maven\localRepository\org\slf4j\jul-to-slf4j\1.7.25\jul-to-slf4j-1.7.25.jar;E:\Maven\localRepository\javax\annotation\javax.annotation-api\1.3.2\javax.annotation-api-1.3.2.jar;E:\Maven\localRepository\org\yaml\snakeyaml\1.23\snakeyaml-1.23.jar;E:\Maven\localRepository\org\springframework\boot\spring-boot-starter-json\2.1.3.RELEASE\spring-boot-starter-json-2.1.3.RELEASE.jar;E:\Maven\localRepository\com\fasterxml\jackson\core\jackson-databind\2.9.8\jackson-databind-2.9.8.jar;E:\Maven\localRepository\com\fasterxml\jackson\core\jackson-annotations\2.9.0\jackson-annotations-2.9.0.jar;E:\Maven\localRepository\com\fasterxml\jackson\core\jackson-core\2.9.8\jackson-core-2.9.8.jar;E:\Maven\localRepository\com\fasterxml\jackson\datatype\jackson-datatype-jdk8\2.9.8\jackson-datatype-jdk8-2.9.8.jar;E:\Maven\localRepository\com\fasterxml\jackson\datatype\jackson-datatype-jsr310\2.9.8\jackson-datatype-jsr310-2.9.8.jar;E:\Maven\localRepository\com\fasterxml\jackson\module\jackson-module-parameter-names\2.9.8\jackson-module-parameter-names-2.9.8.jar;E:\Maven\localRepository\org\springframework\boot\spring-boot-starter-tomcat\2.1.3.RELEASE\spring-boot-starter-tomcat-2.1.3.RELEASE.jar;E:\Maven\localRepository\org\apache\tomcat\embed\tomcat-embed-websocket\9.0.16\tomcat-embed-websocket-9.0.16.jar;E:\Maven\localRepository\org\hibernate\validator\hibernate-validator\6.0.14.Final\hibernate-validator-6.0.14.Final.jar;E:\Maven\localRepository\javax\validation\validation-api\2.0.1.Final\validation-api-2.0.1.Final.jar;E:\Maven\localRepository\org\jboss\logging\jboss-logging\3.3.2.Final\jboss-logging-3.3.2.Final.jar;E:\Maven\localRepository\com\fasterxml\classmate\1.4.0\classmate-1.4.0.jar;E:\Maven\localRepository\org\springframework\spring-web\5.1.5.RELEASE\spring-web-5.1.5.RELEASE.jar;E:\Maven\localRepository\org\springframework\spring-beans\5.1.5.RELEASE\spring-beans-5.1.5.RELEASE.jar;E:\Maven\localRepository\org\springframework\spring-webmvc\5.1.5.RELEASE\spring-webmvc-5.1.5.RELEASE.jar;E:\Maven\localRepository\org\springframework\spring-context\5.1.5.RELEASE\spring-context-5.1.5.RELEASE.jar;E:\Maven\localRepository\org\springframework\spring-expression\5.1.5.RELEASE\spring-expression-5.1.5.RELEASE.jar;E:\Maven\localRepository\org\springframework\boot\spring-boot-starter-aop\2.1.3.RELEASE\spring-boot-starter-aop-2.1.3.RELEASE.jar;E:\Maven\localRepository\org\springframework\spring-aop\5.1.5.RELEASE\spring-aop-5.1.5.RELEASE.jar;E:\Maven\localRepository\org\aspectj\aspectjweaver\1.9.2\aspectjweaver-1.9.2.jar;E:\Maven\localRepository\org\springframework\boot\spring-boot-starter-test\2.1.3.RELEASE\spring-boot-starter-test-2.1.3.RELEASE.jar;E:\Maven\localRepository\org\springframework\boot\spring-boot-test\2.1.3.RELEASE\spring-boot-test-2.1.3.RELEASE.jar;E:\Maven\localRepository\org\springframework\boot\spring-boot-test-autoconfigure\2.1.3.RELEASE\spring-boot-test-autoconfigure-2.1.3.RELEASE.jar;E:\Maven\localRepository\com\jayway\jsonpath\json-path\2.4.0\json-path-2.4.0.jar;E:\Maven\localRepository\net\minidev\json-smart\2.3\json-smart-2.3.jar;E:\Maven\localRepository\net\minidev\accessors-smart\1.2\accessors-smart-1.2.jar;E:\Maven\localRepository\org\ow2\asm\asm\5.0.4\asm-5.0.4.jar;E:\Maven\localRepository\junit\junit\4.12\junit-4.12.jar;E:\Maven\localRepository\org\assertj\assertj-core\3.11.1\assertj-core-3.11.1.jar;E:\Maven\localRepository\org\mockito\mockito-core\2.23.4\mockito-core-2.23.4.jar;E:\Maven\localRepository\net\bytebuddy\byte-buddy\1.9.10\byte-buddy-1.9.10.jar;E:\Maven\localRepository\net\bytebuddy\byte-buddy-agent\1.9.10\byte-buddy-agent-1.9.10.jar;E:\Maven\localRepository\org\objenesis\objenesis\2.6\objenesis-2.6.jar;E:\Maven\localRepository\org\hamcrest\hamcrest-core\1.3\hamcrest-core-1.3.jar;E:\Maven\localRepository\org\hamcrest\hamcrest-library\1.3\hamcrest-library-1.3.jar;E:\Maven\localRepository\org\skyscreamer\jsonassert\1.5.0\jsonassert-1.5.0.jar;E:\Maven\localRepository\com\vaadin\external\google\android-json\0.0.20131108.vaadin1\android-json-0.0.20131108.vaadin1.jar;E:\Maven\localRepository\org\springframework\spring-core\5.1.5.RELEASE\spring-core-5.1.5.RELEASE.jar;E:\Maven\localRepository\org\springframework\spring-jcl\5.1.5.RELEASE\spring-jcl-5.1.5.RELEASE.jar;E:\Maven\localRepository\org\springframework\spring-test\5.1.5.RELEASE\spring-test-5.1.5.RELEASE.jar;E:\Maven\localRepository\org\xmlunit\xmlunit-core\2.6.2\xmlunit-core-2.6.2.jar;E:\Maven\localRepository\org\springframework\boot\spring-boot-configuration-processor\2.1.3.RELEASE\spring-boot-configuration-processor-2.1.3.RELEASE.jar;E:\Maven\localRepository\org\springframework\springloaded\1.2.8.RELEASE\springloaded-1.2.8.RELEASE.jar;E:\Maven\localRepository\org\springframework\boot\spring-boot-devtools\2.1.3.RELEASE\spring-boot-devtools-2.1.3.RELEASE.jar;E:\Maven\localRepository\org\springframework\boot\spring-boot\2.1.3.RELEASE\spring-boot-2.1.3.RELEASE.jar;E:\Maven\localRepository\org\springframework\boot\spring-boot-autoconfigure\2.1.3.RELEASE\spring-boot-autoconfigure-2.1.3.RELEASE.jar;E:\Maven\localRepository\org\projectlombok\lombok\1.18.6\lombok-1.18.6.jar;E:\Maven\localRepository\mysql\mysql-connector-java\8.0.16\mysql-connector-java-8.0.16.jar;E:\Maven\localRepository\com\alibaba\druid\1.1.12\druid-1.1.12.jar;E:\Maven\localRepository\com\baomidou\mybatis-plus-boot-starter\3.0.6\mybatis-plus-boot-starter-3.0.6.jar;E:\Maven\localRepository\com\baomidou\mybatis-plus\3.0.6\mybatis-plus-3.0.6.jar;E:\Maven\localRepository\com\baomidou\mybatis-plus-extension\3.0.6\mybatis-plus-extension-3.0.6.jar;E:\Maven\localRepository\com\baomidou\mybatis-plus-core\3.0.6\mybatis-plus-core-3.0.6.jar;E:\Maven\localRepository\com\baomidou\mybatis-plus-annotation\3.0.6\mybatis-plus-annotation-3.0.6.jar;E:\Maven\localRepository\com\github\jsqlparser\jsqlparser\1.2\jsqlparser-1.2.jar;E:\Maven\localRepository\org\mybatis\mybatis-spring\1.3.2\mybatis-spring-1.3.2.jar;E:\Maven\localRepository\org\mybatis\mybatis\3.4.6\mybatis-3.4.6.jar;E:\Maven\localRepository\com\baomidou\mybatis-plus-generator\3.0.6\mybatis-plus-generator-3.0.6.jar;E:\Maven\localRepository\org\springframework\boot\spring-boot-starter-jdbc\2.1.3.RELEASE\spring-boot-starter-jdbc-2.1.3.RELEASE.jar;E:\Maven\localRepository\com\zaxxer\HikariCP\3.2.0\HikariCP-3.2.0.jar;E:\Maven\localRepository\org\springframework\spring-jdbc\5.1.5.RELEASE\spring-jdbc-5.1.5.RELEASE.jar;E:\Maven\localRepository\redis\clients\jedis\2.9.1\jedis-2.9.1.jar;E:\Maven\localRepository\org\slf4j\slf4j-api\1.7.25\slf4j-api-1.7.25.jar;E:\Maven\localRepository\org\apache\commons\commons-pool2\2.6.1\commons-pool2-2.6.1.jar;E:\Maven\localRepository\org\springframework\data\spring-data-redis\2.1.5.RELEASE\spring-data-redis-2.1.5.RELEASE.jar;E:\Maven\localRepository\org\springframework\data\spring-data-keyvalue\2.1.5.RELEASE\spring-data-keyvalue-2.1.5.RELEASE.jar;E:\Maven\localRepository\org\springframework\data\spring-data-commons\2.1.5.RELEASE\spring-data-commons-2.1.5.RELEASE.jar;E:\Maven\localRepository\org\springframework\spring-tx\5.1.5.RELEASE\spring-tx-5.1.5.RELEASE.jar;E:\Maven\localRepository\org\springframework\spring-oxm\5.1.5.RELEASE\spring-oxm-5.1.5.RELEASE.jar;E:\Maven\localRepository\org\springframework\spring-context-support\5.1.5.RELEASE\spring-context-support-5.1.5.RELEASE.jar;E:\Maven\localRepository\javax\servlet\javax.servlet-api\4.0.1\javax.servlet-api-4.0.1.jar;E:\Maven\localRepository\javax\servlet\jstl\1.2\jstl-1.2.jar;E:\Maven\localRepository\org\apache\tomcat\embed\tomcat-embed-jasper\9.0.16\tomcat-embed-jasper-9.0.16.jar;E:\Maven\localRepository\org\apache\tomcat\embed\tomcat-embed-core\9.0.16\tomcat-embed-core-9.0.16.jar;E:\Maven\localRepository\org\apache\tomcat\tomcat-annotations-api\9.0.16\tomcat-annotations-api-9.0.16.jar;E:\Maven\localRepository\org\apache\tomcat\embed\tomcat-embed-el\9.0.16\tomcat-embed-el-9.0.16.jar;E:\Maven\localRepository\org\eclipse\jdt\ecj\3.15.0\ecj-3.15.0.jar;E:\Maven\localRepository\org\apache\httpcomponents\httpclient\4.5.7\httpclient-4.5.7.jar;E:\Maven\localRepository\org\apache\httpcomponents\httpcore\4.4.11\httpcore-4.4.11.jar;E:\Maven\localRepository\commons-codec\commons-codec\1.11\commons-codec-1.11.jar;E:\Maven\localRepository\com\alibaba\boot\dubbo-spring-boot-starter\0.2.0\dubbo-spring-boot-starter-0.2.0.jar;E:\Maven\localRepository\com\alibaba\dubbo\2.6.2\dubbo-2.6.2.jar;E:\Maven\localRepository\org\javassist\javassist\3.20.0-GA\javassist-3.20.0-GA.jar;E:\Maven\localRepository\org\jboss\netty\netty\3.2.5.Final\netty-3.2.5.Final.jar;E:\Maven\localRepository\org\apache\zookeeper\zookeeper\3.4.9\zookeeper-3.4.9.jar;E:\Maven\localRepository\jline\jline\0.9.94\jline-0.9.94.jar;E:\Maven\localRepository\io\netty\netty\3.10.5.Final\netty-3.10.5.Final.jar;E:\Maven\localRepository\org\apache\curator\curator-framework\2.12.0\curator-framework-2.12.0.jar;E:\Maven\localRepository\org\apache\curator\curator-client\2.12.0\curator-client-2.12.0.jar;E:\Maven\localRepository\com\google\guava\guava\16.0.1\guava-16.0.1.jar;E:\Maven\localRepository\com\alibaba\boot\dubbo-spring-boot-autoconfigure\0.2.0\dubbo-spring-boot-autoconfigure-0.2.0.jar;"/>
    <property name="java.vm.vendor" value="Oracle Corporation"/>
    <property name="sun.arch.data.model" value="64"/>
    <property name="user.variant" value=""/>
    <property name="java.vendor.url" value="http://java.oracle.com/"/>
    <property name="user.timezone" value="Asia/Shanghai"/>
    <property name="java.vm.specification.version" value="1.8"/>
    <property name="os.name" value="Windows 10"/>
    <property name="user.country" value="CN"/>
    <property name="sun.java.launcher" value="SUN_STANDARD"/>
    <property name="sun.boot.library.path" value="C:\Program Files\Java\jdk1.8.0_211\jre\bin"/>
    <property name="sun.java.command" value="C:\Users\GAVINL~1\AppData\Local\Temp\surefire1109809951376237270\surefirebooter2756130569950499260.jar C:\Users\GavinLeung\AppData\Local\Temp\surefire1109809951376237270 2019-07-29T15-33-49_591-jvmRun1 surefire1510034717155841979tmp surefire_15015483807417816320tmp"/>
    <property name="surefire.test.class.path" value="E:\Pocjet\jt-practice\order\target\test-classes;E:\Pocjet\jt-practice\order\target\classes;E:\Pocjet\jt-practice\common\target\common-1.0-SNAPSHOT.jar;E:\Maven\localRepository\org\springframework\boot\spring-boot-starter-web\2.1.3.RELEASE\spring-boot-starter-web-2.1.3.RELEASE.jar;E:\Maven\localRepository\org\springframework\boot\spring-boot-starter\2.1.3.RELEASE\spring-boot-starter-2.1.3.RELEASE.jar;E:\Maven\localRepository\org\springframework\boot\spring-boot-starter-logging\2.1.3.RELEASE\spring-boot-starter-logging-2.1.3.RELEASE.jar;E:\Maven\localRepository\ch\qos\logback\logback-classic\1.2.3\logback-classic-1.2.3.jar;E:\Maven\localRepository\ch\qos\logback\logback-core\1.2.3\logback-core-1.2.3.jar;E:\Maven\localRepository\org\apache\logging\log4j\log4j-to-slf4j\2.11.2\log4j-to-slf4j-2.11.2.jar;E:\Maven\localRepository\org\apache\logging\log4j\log4j-api\2.11.2\log4j-api-2.11.2.jar;E:\Maven\localRepository\org\slf4j\jul-to-slf4j\1.7.25\jul-to-slf4j-1.7.25.jar;E:\Maven\localRepository\javax\annotation\javax.annotation-api\1.3.2\javax.annotation-api-1.3.2.jar;E:\Maven\localRepository\org\yaml\snakeyaml\1.23\snakeyaml-1.23.jar;E:\Maven\localRepository\org\springframework\boot\spring-boot-starter-json\2.1.3.RELEASE\spring-boot-starter-json-2.1.3.RELEASE.jar;E:\Maven\localRepository\com\fasterxml\jackson\core\jackson-databind\2.9.8\jackson-databind-2.9.8.jar;E:\Maven\localRepository\com\fasterxml\jackson\core\jackson-annotations\2.9.0\jackson-annotations-2.9.0.jar;E:\Maven\localRepository\com\fasterxml\jackson\core\jackson-core\2.9.8\jackson-core-2.9.8.jar;E:\Maven\localRepository\com\fasterxml\jackson\datatype\jackson-datatype-jdk8\2.9.8\jackson-datatype-jdk8-2.9.8.jar;E:\Maven\localRepository\com\fasterxml\jackson\datatype\jackson-datatype-jsr310\2.9.8\jackson-datatype-jsr310-2.9.8.jar;E:\Maven\localRepository\com\fasterxml\jackson\module\jackson-module-parameter-names\2.9.8\jackson-module-parameter-names-2.9.8.jar;E:\Maven\localRepository\org\springframework\boot\spring-boot-starter-tomcat\2.1.3.RELEASE\spring-boot-starter-tomcat-2.1.3.RELEASE.jar;E:\Maven\localRepository\org\apache\tomcat\embed\tomcat-embed-websocket\9.0.16\tomcat-embed-websocket-9.0.16.jar;E:\Maven\localRepository\org\hibernate\validator\hibernate-validator\6.0.14.Final\hibernate-validator-6.0.14.Final.jar;E:\Maven\localRepository\javax\validation\validation-api\2.0.1.Final\validation-api-2.0.1.Final.jar;E:\Maven\localRepository\org\jboss\logging\jboss-logging\3.3.2.Final\jboss-logging-3.3.2.Final.jar;E:\Maven\localRepository\com\fasterxml\classmate\1.4.0\classmate-1.4.0.jar;E:\Maven\localRepository\org\springframework\spring-web\5.1.5.RELEASE\spring-web-5.1.5.RELEASE.jar;E:\Maven\localRepository\org\springframework\spring-beans\5.1.5.RELEASE\spring-beans-5.1.5.RELEASE.jar;E:\Maven\localRepository\org\springframework\spring-webmvc\5.1.5.RELEASE\spring-webmvc-5.1.5.RELEASE.jar;E:\Maven\localRepository\org\springframework\spring-context\5.1.5.RELEASE\spring-context-5.1.5.RELEASE.jar;E:\Maven\localRepository\org\springframework\spring-expression\5.1.5.RELEASE\spring-expression-5.1.5.RELEASE.jar;E:\Maven\localRepository\org\springframework\boot\spring-boot-starter-aop\2.1.3.RELEASE\spring-boot-starter-aop-2.1.3.RELEASE.jar;E:\Maven\localRepository\org\springframework\spring-aop\5.1.5.RELEASE\spring-aop-5.1.5.RELEASE.jar;E:\Maven\localRepository\org\aspectj\aspectjweaver\1.9.2\aspectjweaver-1.9.2.jar;E:\Maven\localRepository\org\springframework\boot\spring-boot-starter-test\2.1.3.RELEASE\spring-boot-starter-test-2.1.3.RELEASE.jar;E:\Maven\localRepository\org\springframework\boot\spring-boot-test\2.1.3.RELEASE\spring-boot-test-2.1.3.RELEASE.jar;E:\Maven\localRepository\org\springframework\boot\spring-boot-test-autoconfigure\2.1.3.RELEASE\spring-boot-test-autoconfigure-2.1.3.RELEASE.jar;E:\Maven\localRepository\com\jayway\jsonpath\json-path\2.4.0\json-path-2.4.0.jar;E:\Maven\localRepository\net\minidev\json-smart\2.3\json-smart-2.3.jar;E:\Maven\localRepository\net\minidev\accessors-smart\1.2\accessors-smart-1.2.jar;E:\Maven\localRepository\org\ow2\asm\asm\5.0.4\asm-5.0.4.jar;E:\Maven\localRepository\junit\junit\4.12\junit-4.12.jar;E:\Maven\localRepository\org\assertj\assertj-core\3.11.1\assertj-core-3.11.1.jar;E:\Maven\localRepository\org\mockito\mockito-core\2.23.4\mockito-core-2.23.4.jar;E:\Maven\localRepository\net\bytebuddy\byte-buddy\1.9.10\byte-buddy-1.9.10.jar;E:\Maven\localRepository\net\bytebuddy\byte-buddy-agent\1.9.10\byte-buddy-agent-1.9.10.jar;E:\Maven\localRepository\org\objenesis\objenesis\2.6\objenesis-2.6.jar;E:\Maven\localRepository\org\hamcrest\hamcrest-core\1.3\hamcrest-core-1.3.jar;E:\Maven\localRepository\org\hamcrest\hamcrest-library\1.3\hamcrest-library-1.3.jar;E:\Maven\localRepository\org\skyscreamer\jsonassert\1.5.0\jsonassert-1.5.0.jar;E:\Maven\localRepository\com\vaadin\external\google\android-json\0.0.20131108.vaadin1\android-json-0.0.20131108.vaadin1.jar;E:\Maven\localRepository\org\springframework\spring-core\5.1.5.RELEASE\spring-core-5.1.5.RELEASE.jar;E:\Maven\localRepository\org\springframework\spring-jcl\5.1.5.RELEASE\spring-jcl-5.1.5.RELEASE.jar;E:\Maven\localRepository\org\springframework\spring-test\5.1.5.RELEASE\spring-test-5.1.5.RELEASE.jar;E:\Maven\localRepository\org\xmlunit\xmlunit-core\2.6.2\xmlunit-core-2.6.2.jar;E:\Maven\localRepository\org\springframework\boot\spring-boot-configuration-processor\2.1.3.RELEASE\spring-boot-configuration-processor-2.1.3.RELEASE.jar;E:\Maven\localRepository\org\springframework\springloaded\1.2.8.RELEASE\springloaded-1.2.8.RELEASE.jar;E:\Maven\localRepository\org\springframework\boot\spring-boot-devtools\2.1.3.RELEASE\spring-boot-devtools-2.1.3.RELEASE.jar;E:\Maven\localRepository\org\springframework\boot\spring-boot\2.1.3.RELEASE\spring-boot-2.1.3.RELEASE.jar;E:\Maven\localRepository\org\springframework\boot\spring-boot-autoconfigure\2.1.3.RELEASE\spring-boot-autoconfigure-2.1.3.RELEASE.jar;E:\Maven\localRepository\org\projectlombok\lombok\1.18.6\lombok-1.18.6.jar;E:\Maven\localRepository\mysql\mysql-connector-java\8.0.16\mysql-connector-java-8.0.16.jar;E:\Maven\localRepository\com\alibaba\druid\1.1.12\druid-1.1.12.jar;E:\Maven\localRepository\com\baomidou\mybatis-plus-boot-starter\3.0.6\mybatis-plus-boot-starter-3.0.6.jar;E:\Maven\localRepository\com\baomidou\mybatis-plus\3.0.6\mybatis-plus-3.0.6.jar;E:\Maven\localRepository\com\baomidou\mybatis-plus-extension\3.0.6\mybatis-plus-extension-3.0.6.jar;E:\Maven\localRepository\com\baomidou\mybatis-plus-core\3.0.6\mybatis-plus-core-3.0.6.jar;E:\Maven\localRepository\com\baomidou\mybatis-plus-annotation\3.0.6\mybatis-plus-annotation-3.0.6.jar;E:\Maven\localRepository\com\github\jsqlparser\jsqlparser\1.2\jsqlparser-1.2.jar;E:\Maven\localRepository\org\mybatis\mybatis-spring\1.3.2\mybatis-spring-1.3.2.jar;E:\Maven\localRepository\org\mybatis\mybatis\3.4.6\mybatis-3.4.6.jar;E:\Maven\localRepository\com\baomidou\mybatis-plus-generator\3.0.6\mybatis-plus-generator-3.0.6.jar;E:\Maven\localRepository\org\springframework\boot\spring-boot-starter-jdbc\2.1.3.RELEASE\spring-boot-starter-jdbc-2.1.3.RELEASE.jar;E:\Maven\localRepository\com\zaxxer\HikariCP\3.2.0\HikariCP-3.2.0.jar;E:\Maven\localRepository\org\springframework\spring-jdbc\5.1.5.RELEASE\spring-jdbc-5.1.5.RELEASE.jar;E:\Maven\localRepository\redis\clients\jedis\2.9.1\jedis-2.9.1.jar;E:\Maven\localRepository\org\slf4j\slf4j-api\1.7.25\slf4j-api-1.7.25.jar;E:\Maven\localRepository\org\apache\commons\commons-pool2\2.6.1\commons-pool2-2.6.1.jar;E:\Maven\localRepository\org\springframework\data\spring-data-redis\2.1.5.RELEASE\spring-data-redis-2.1.5.RELEASE.jar;E:\Maven\localRepository\org\springframework\data\spring-data-keyvalue\2.1.5.RELEASE\spring-data-keyvalue-2.1.5.RELEASE.jar;E:\Maven\localRepository\org\springframework\data\spring-data-commons\2.1.5.RELEASE\spring-data-commons-2.1.5.RELEASE.jar;E:\Maven\localRepository\org\springframework\spring-tx\5.1.5.RELEASE\spring-tx-5.1.5.RELEASE.jar;E:\Maven\localRepository\org\springframework\spring-oxm\5.1.5.RELEASE\spring-oxm-5.1.5.RELEASE.jar;E:\Maven\localRepository\org\springframework\spring-context-support\5.1.5.RELEASE\spring-context-support-5.1.5.RELEASE.jar;E:\Maven\localRepository\javax\servlet\javax.servlet-api\4.0.1\javax.servlet-api-4.0.1.jar;E:\Maven\localRepository\javax\servlet\jstl\1.2\jstl-1.2.jar;E:\Maven\localRepository\org\apache\tomcat\embed\tomcat-embed-jasper\9.0.16\tomcat-embed-jasper-9.0.16.jar;E:\Maven\localRepository\org\apache\tomcat\embed\tomcat-embed-core\9.0.16\tomcat-embed-core-9.0.16.jar;E:\Maven\localRepository\org\apache\tomcat\tomcat-annotations-api\9.0.16\tomcat-annotations-api-9.0.16.jar;E:\Maven\localRepository\org\apache\tomcat\embed\tomcat-embed-el\9.0.16\tomcat-embed-el-9.0.16.jar;E:\Maven\localRepository\org\eclipse\jdt\ecj\3.15.0\ecj-3.15.0.jar;E:\Maven\localRepository\org\apache\httpcomponents\httpclient\4.5.7\httpclient-4.5.7.jar;E:\Maven\localRepository\org\apache\httpcomponents\httpcore\4.4.11\httpcore-4.4.11.jar;E:\Maven\localRepository\commons-codec\commons-codec\1.11\commons-codec-1.11.jar;E:\Maven\localRepository\com\alibaba\boot\dubbo-spring-boot-starter\0.2.0\dubbo-spring-boot-starter-0.2.0.jar;E:\Maven\localRepository\com\alibaba\dubbo\2.6.2\dubbo-2.6.2.jar;E:\Maven\localRepository\org\javassist\javassist\3.20.0-GA\javassist-3.20.0-GA.jar;E:\Maven\localRepository\org\jboss\netty\netty\3.2.5.Final\netty-3.2.5.Final.jar;E:\Maven\localRepository\org\apache\zookeeper\zookeeper\3.4.9\zookeeper-3.4.9.jar;E:\Maven\localRepository\jline\jline\0.9.94\jline-0.9.94.jar;E:\Maven\localRepository\io\netty\netty\3.10.5.Final\netty-3.10.5.Final.jar;E:\Maven\localRepository\org\apache\curator\curator-framework\2.12.0\curator-framework-2.12.0.jar;E:\Maven\localRepository\org\apache\curator\curator-client\2.12.0\curator-client-2.12.0.jar;E:\Maven\localRepository\com\google\guava\guava\16.0.1\guava-16.0.1.jar;E:\Maven\localRepository\com\alibaba\boot\dubbo-spring-boot-autoconfigure\0.2.0\dubbo-spring-boot-autoconfigure-0.2.0.jar;"/>
    <property name="sun.cpu.endian" value="little"/>
    <property name="user.home" value="C:\Users\GavinLeung"/>
    <property name="user.language" value="zh"/>
    <property name="java.specification.vendor" value="Oracle Corporation"/>
    <property name="java.home" value="C:\Program Files\Java\jdk1.8.0_211\jre"/>
    <property name="basedir" value="E:\Pocjet\jt-practice\order"/>
    <property name="file.separator" value="\"/>
    <property name="line.separator" value="&#10;"/>
    <property name="java.vm.specification.vendor" value="Oracle Corporation"/>
    <property name="java.specification.name" value="Java Platform API Specification"/>
    <property name="java.awt.graphicsenv" value="sun.awt.Win32GraphicsEnvironment"/>
    <property name="surefire.real.class.path" value="C:\Users\GAVINL~1\AppData\Local\Temp\surefire1109809951376237270\surefirebooter2756130569950499260.jar"/>
    <property name="sun.boot.class.path" value="C:\Program Files\Java\jdk1.8.0_211\jre\lib\resources.jar;C:\Program Files\Java\jdk1.8.0_211\jre\lib\rt.jar;C:\Program Files\Java\jdk1.8.0_211\jre\lib\sunrsasign.jar;C:\Program Files\Java\jdk1.8.0_211\jre\lib\jsse.jar;C:\Program Files\Java\jdk1.8.0_211\jre\lib\jce.jar;C:\Program Files\Java\jdk1.8.0_211\jre\lib\charsets.jar;C:\Program Files\Java\jdk1.8.0_211\jre\lib\jfr.jar;C:\Program Files\Java\jdk1.8.0_211\jre\classes"/>
    <property name="user.script" value=""/>
    <property name="sun.management.compiler" value="HotSpot 64-Bit Tiered Compilers"/>
    <property name="java.runtime.version" value="1.8.0_211-b12"/>
    <property name="user.name" value="GavinLeung"/>
    <property name="path.separator" value=";"/>
    <property name="os.version" value="10.0"/>
    <property name="java.endorsed.dirs" value="C:\Program Files\Java\jdk1.8.0_211\jre\lib\endorsed"/>
    <property name="java.runtime.name" value="Java(TM) SE Runtime Environment"/>
    <property name="file.encoding" value="GBK"/>
    <property name="java.vm.name" value="Java HotSpot(TM) 64-Bit Server VM"/>
    <property name="localRepository" value="E:\Maven\localRepository"/>
    <property name="java.vendor.url.bug" value="http://bugreport.sun.com/bugreport/"/>
    <property name="java.io.tmpdir" value="C:\Users\GAVINL~1\AppData\Local\Temp\"/>
    <property name="java.version" value="1.8.0_211"/>
    <property name="user.dir" value="E:\Pocjet\jt-practice\order"/>
    <property name="os.arch" value="amd64"/>
    <property name="java.vm.specification.name" value="Java Virtual Machine Specification"/>
    <property name="java.awt.printerjob" value="sun.awt.windows.WPrinterJob"/>
    <property name="sun.os.patch.level" value=""/>
    <property name="idea.version2019.2" value="true"/>
    <property name="java.library.path" value="C:\Program Files\Java\jdk1.8.0_211\jre\bin;C:\WINDOWS\Sun\Java\bin;C:\WINDOWS\system32;C:\WINDOWS;E:\JetBrains\IntelliJ IDEA 2019.1.3\jbr\\bin;E:\JetBrains\IntelliJ IDEA 2019.1.3\jbr\\bin\server;C:\Program Files (x86)\Common Files\Oracle\Java\javapath;C:\Windows\system32;C:\Windows;C:\Windows\System32\Wbem;C:\Windows\System32\WindowsPowerShell\v1.0\;C:\Windows\System32\OpenSSH\;C:\Program Files\Java\jdk1.8.0_211\bin;E:\Mysql\mysql-8.0.16-winx64\mysql-8.0.16-winx64\bin;C:\Program Files (x86)\NVIDIA Corporation\PhysX\Common;C:\Program Files\NVIDIA Corporation\NVIDIA NvDLISR;C:\WINDOWS\system32;C:\WINDOWS;C:\WINDOWS\System32\Wbem;C:\WINDOWS\System32\WindowsPowerShell\v1.0\;C:\WINDOWS\System32\OpenSSH\;E:\Git\cmd;C:\Users\GavinLeung\AppData\Local\Microsoft\WindowsApps;E:\JetBrains\IntelliJ IDEA 2019.1.3\bin;C:\Users\GavinLeung\AppData\Local\atom\bin;."/>
    <property name="java.vm.info" value="mixed mode"/>
    <property name="java.vendor" value="Oracle Corporation"/>
    <property name="java.vm.version" value="25.211-b12"/>
    <property name="java.ext.dirs" value="C:\Program Files\Java\jdk1.8.0_211\jre\lib\ext;C:\WINDOWS\Sun\Java\lib\ext"/>
    <property name="sun.io.unicode.encoding" value="UnicodeLittle"/>
    <property name="java.class.version" value="52.0"/>
  </properties>
  <testcase name="shouldAnswerWithTrue" classname="org.gavin.AppTest" time="0.001"/>
</testsuite>